Sat Dec 11 2021 - Mon Dec 06 2021
Tue Dec 07 2021 - Mon Dec 06 2021
Wed Dec 08 2021 - Mon Dec 06 2021
Mon Dec 06 2021 - Mon Dec 06 2021
Mon Dec 06 2021 - Mon Dec 06 2021
Mon Dec 06 2021 - Mon Dec 06 2021
Mon Dec 06 2021 - Mon Dec 06 2021
Mon Dec 06 2021 - Mon Dec 06 2021
Fri Dec 10 2021 - Mon Dec 06 2021
Fri Dec 10 2021 - Mon Dec 06 2021
Fri Dec 10 2021 - Mon Dec 06 2021
Wed Dec 08 2021 - Mon Dec 06 2021
Tue Dec 07 2021 - Mon Dec 06 2021
Tue Dec 07 2021 - Mon Dec 06 2021
Wed Dec 08 2021 - Mon Dec 06 2021
Wed Dec 08 2021 - Mon Dec 06 2021
Sat Dec 11 2021 - Mon Dec 06 2021
Sun Dec 12 2021 - Mon Dec 06 2021
Sun Dec 12 2021 - Mon Dec 06 2021
Sun Dec 12 2021 - Mon Dec 06 2021
Thu Dec 09 2021 - Mon Dec 06 2021
Thu Dec 09 2021 - Mon Dec 06 2021
Thu Dec 09 2021 - Mon Dec 06 2021
Thu Dec 09 2021 - Mon Dec 06 2021
